<?xml version="1.0" encoding="UTF-8" ?>
<testsuites>
  <testsuite errors="0" failures="0" hostname="ws-tnichols07" id="0" name="TekEventControllerTests" package="tekdays" tests="1" time="0.407" timestamp="2010-11-17T02:00:58">
      <properties />

      <testcase classname="tekdays.TekEventControllerTests" name="testSomething" time="0.407" />

      <system-out><![CDATA[--Output from testSomething--
]]></system-out>

      <system-err><![CDATA[--Output from testSomething--
]]></system-err>

  </testsuite>
  <testsuite errors="0" failures="0" hostname="ws-tnichols07" id="1" name="TekEventTests" package="tekdays" tests="1" time="0.078" timestamp="2010-11-17T02:00:59">
      <properties />

      <testcase classname="tekdays.TekEventTests" name="testToString" time="0.078" />

      <system-out><![CDATA[--Output from testToString--
]]></system-out>

      <system-err><![CDATA[--Output from testToString--
]]></system-err>

  </testsuite>
  <testsuite errors="0" failures="0" hostname="ws-tnichols07" id="2" name="TekUserControllerTests" package="tekdays" tests="1" time="0.016" timestamp="2010-11-17T02:00:59">
      <properties />

      <testcase classname="tekdays.TekUserControllerTests" name="testSomething" time="0.016" />

      <system-out><![CDATA[--Output from testSomething--
]]></system-out>

      <system-err><![CDATA[--Output from testSomething--
]]></system-err>

  </testsuite>
  <testsuite errors="0" failures="0" hostname="ws-tnichols07" id="3" name="TekUserTests" package="tekdays" tests="1" time="0.0" timestamp="2010-11-17T02:00:59">
      <properties />

      <testcase classname="tekdays.TekUserTests" name="testSomething" time="0.0" />

      <system-out><![CDATA[--Output from testSomething--
]]></system-out>

      <system-err><![CDATA[--Output from testSomething--
]]></system-err>

  </testsuite>
</testsuites>
